

==================================================================================================================================

2023-12-29 21:39:03.526905|INFO    |              |   |TeamSpeak Client 3.5.6 (2020-11-25 13:53:42)
2023-12-29 21:39:03.526905|INFO    |              |   |SystemInformation: Windows 10 (19045) x64 (AMD or Intel) Binary: 64bit
2023-12-29 21:39:03.526905|INFO    |              |   |Using hardware aes
2023-12-29 21:39:03.601912|DEBUG   |Direct Sound  |   |setting timer resolution to 1ms - 
2023-12-29 21:39:03.711918|INFO    |              |   |*** Time [SPAWN_EVENTCONVERTER]: 188
2023-12-29 21:39:03.836929|INFO    |ClientUI      |   |OpenGL Info: LibGLES, Vendor: Google Inc., Renderer: ANGLE (NVIDIA GeForce RTX 3050 Direct3D11 vs_5_0 ps_5_0), Version: OpenGL ES 2.0 (ANGLE 2.1.0.57ea533f79a7)
2023-12-29 21:39:04.189738|INFO    |              |   |*** Time [ICONMANGER]: 328
2023-12-29 21:39:04.206983|INFO    |Addons        |   |Checking for addon updates...
2023-12-29 21:39:04.321989|INFO    |Plugins       |   |Loading plugin: tokovoip_win64.dll
2023-12-29 21:39:04.425512|INFO    |TokoVOIP      |141|TokoVOIP initialized
2023-12-29 21:39:04.425512|INFO    |TokoVOIP      |141|Can't get current channel : invalid server connection handler ID
2023-12-29 21:39:04.425512|INFO    |TokoVOIP      |141|Error getting all clients from the server : invalid server connection handler ID
2023-12-29 21:39:04.425512|INFO    |TokoVOIP      |141|Can't get current channel : invalid server connection handler ID
2023-12-29 21:39:04.425512|INFO    |TokoVOIP      |141|Error getting all clients from the server : invalid server connection handler ID
2023-12-29 21:39:04.425512|INFO    |TokoVOIP      |141|Error getting all clients from server : invalid server connection handler ID
2023-12-29 21:39:04.674532|INFO    |Addon         |   |Addon up to date.
2023-12-29 21:39:04.906548|INFO    |Addon         |   |Addon up to date.
2023-12-29 21:39:04.951553|INFO    |              |   |successfully downloaded revocation list for accounting
2023-12-29 21:39:05.001556|INFO    |              |   |successfully downloaded revocation list for myteamspeak id
2023-12-29 21:39:05.136566|INFO    |Addon         |   |Addon up to date.
2023-12-29 21:39:05.511595|INFO    |TokoVOIP      |141|Got update json
2023-12-29 21:39:05.511595|INFO    |TokoVoip      |   |init
2023-12-29 21:39:05.517594|INFO    |TokoVoip      |   |No translation available.
2023-12-29 21:39:05.518596|INFO    |TokoVoip      |   |Radio: enabled: true
2023-12-29 21:39:05.518596|INFO    |TokoVoip      |   |init done
2023-12-29 21:39:05.518596|INFO    |Plugins       |   |Loading plugin: teamspeak_control_plugin_win64.dll
2023-12-29 21:39:05.538596|INFO    |ControlPlugin |   |Control Plugin started, accepting connections
2023-12-29 21:39:05.538596|INFO    |Plugins       |   |Loading plugin: gamepad_joystick_win64.dll
2023-12-29 21:39:05.782616|INFO    |Plugins       |   |Loading plugin: clientquery_plugin_win64.dll
2023-12-29 21:39:05.782616|INFO    |Gamepad Plugin|   |Found client raw input wnd proc
2023-12-29 21:39:05.783616|INFO    |Gamepad Plugin|   |Cleared device list
2023-12-29 21:39:05.794615|INFO    |Gamepad Plugin|   |Found device \\?\HID#VID_0A67&PID_0003&MI_03&COL01#8&1EA58C96&0&0000#{4D1E55B2-F16F-11CF-88CB-001111000030}
2023-12-29 21:39:05.832619|INFO    |Query         |   |listening on 127.0.0.1:25639
2023-12-29 21:39:05.833620|INFO    |              |   |*** Time [PLUGINS]: 1513
2023-12-29 21:39:06.100638|INFO    |              |   |*** Time [MAINWINDOW_ACTIONS]: 145
2023-12-29 21:39:06.155644|DEVELOP |Windows Audio Session|   |DeviceDeleteList::wait_for_deletes - enter - DeviceDeleteList
2023-12-29 21:39:06.155644|DEVELOP |Windows Audio Session|   |DeviceDeleteList::wait_for_deletes - leave - DeviceDeleteList
2023-12-29 21:39:08.093818|INFO    |              |   |*** Time [BUILD_GUI]: 1902
2023-12-29 21:39:08.216341|INFO    |              |   |*** Time [SERVERVIEW_ACTIONS]: 123
2023-12-29 21:39:08.234343|INFO    |              |   |*** Time [SERVERVIEW]: 2082
2023-12-29 21:39:08.453406|INFO    |              |   |*** Time [SERVERVIEWMANAGER]: 2322
2023-12-29 21:39:08.891955|INFO    |              |   |*** Time [MAINWINDOW]: 5393
2023-12-29 21:39:08.891955|INFO    |              |   |*** Time [INIT]: 5394
2023-12-29 21:39:09.085000|INFO    |              |   |*** Time [NOTIFICATIONS]: 193
2023-12-29 21:39:09.085998|INFO    |ClientUI      |   |Qt version: 5.12.3
2023-12-29 21:39:09.085998|INFO    |ClientUI      |   |Using configuration location: C:\Users\Xandynn\AppData\Roaming\TS3Client\settings.db
2023-12-29 21:39:09.394081|INFO    |ClientUI      |   |Last update check was: qua dez 27 14:26:37 2023
2023-12-29 21:39:09.404082|INFO    |Update        |   |Checking for updates...
2023-12-29 21:39:09.433086|INFO    |Bookmarks     |   |Collecting autoconnect bookmarks
2023-12-29 21:39:09.803115|INFO    |Update        |   |License update available; version 5 to 5 (min version 5 to 4)
2023-12-29 21:39:09.804116|INFO    |Update        |   |Latest client release on channel 'stable': 3.6.2 [Build: 1695203293]
2023-12-29 21:39:09.804116|INFO    |Update        |   |Client update available; build 1606312422 to 1695203293
2023-12-29 21:39:09.947132|INFO    |Newsticker    |   |Newsticker next check: qua dez 27 23:52:24 2023
2023-12-29 21:39:10.061083|INFO    |Newsticker    |   |Newsticker not found for language pt
2023-12-29 21:39:10.289218|INFO    |Newsticker    |   |Newsticker received for language pt, expires on sáb dez 30 18:39:10 2023, next check in 86400 seconds
2023-12-29 21:39:10.617241|INFO    |              |   |Statistics report: Not yet, next report on sáb jan 20 00:08:42 2024
2023-12-29 21:39:13.533837|INFO    |ClientUI      |1  |Connect to server: flashac
2023-12-29 21:39:13.545841|INFO    |ClientUI      |1  |Trying to resolve flashac
2023-12-29 21:39:13.545841|INFO    |TSDNS         |   |Trying to resolve server name: flashac
2023-12-29 21:39:13.694193|INFO    |TSDNS         |   |Server name successfully resolved
2023-12-29 21:39:13.694193|INFO    |TSDNS         |   |Lookup: 3002.tsfivem.com.br, parse result: DNS 3002.tsfivem.com.br 9987
2023-12-29 21:39:13.694193|INFO    |TSDNS         |   |Server name resolved to host: 3002.tsfivem.com.br 9987
2023-12-29 21:39:13.865291|INFO    |TSDNS         |   |SRV DNS resolve successful, "_ts3._udp.3002.tsfivem.com.br" =(h: _dc-srv.5316a1067a00._ts3._udp.3002.tsfivem.com.br p:3002)
2023-12-29 21:39:13.905293|INFO    |TSDNS         |   |SRV DNS resolve unsuccessful, "_tsdns._tcp.tsfivem.com.br" Domain name not found
2023-12-29 21:39:13.915293|INFO    |TSDNS         |   |A/AAAA DNS resolve successful, "3002.tsfivem.com.br" =(h: 104.21.32.147 p:0)
2023-12-29 21:39:13.921295|INFO    |TSDNS         |   |A/AAAA DNS resolve for possible TSDNS successful, "3002.tsfivem.com.br" =(h: 172.67.186.233 p:0)
2023-12-29 21:39:13.937296|INFO    |TSDNS         |   |A/AAAA DNS resolve successful, "_dc-srv.5316a1067a00._ts3._udp.3002.tsfivem.com.br" =(h: 149.56.44.237 p:0)
2023-12-29 21:39:13.937296|INFO    |ClientUI      |1  |Lookup finished: ip=149.56.44.237 port=3002 query=3002.tsfivem.com.br error=0
2023-12-29 21:39:13.938297|INFO    |ClientUI      |1  |Resolve successful: 149.56.44.237:3002
2023-12-29 21:39:13.938297|INFO    |ClientUI      |1  |Initiating connection: 149.56.44.237:3002
2023-12-29 21:39:13.993301|DEVELOP |Windows Audio Session|   |DeviceDeleteList::wait_for_deletes - enter - DeviceDeleteList
2023-12-29 21:39:13.993301|DEVELOP |Windows Audio Session|   |DeviceDeleteList::wait_for_deletes - leave - DeviceDeleteList
2023-12-29 21:39:13.993301|DEBUG   |Windows Audio Session|   |WAS::openDevice-enter - {0.0.0.00000000}.{7e87e3c3-6a33-4554-9090-ea13d38d5d7c}
2023-12-29 21:39:13.999301|DEVELOP |Windows Audio Session|   |Mix Format: SRate:48000 Bitrate: 32 Channels: 2 - Alto-falantes (2- Trust GXT 363 headset)
2023-12-29 21:39:13.999301|DEVELOP |Windows Audio Session|   |Initializing with mix format. - Alto-falantes (2- Trust GXT 363 headset)
2023-12-29 21:39:14.006301|INFO    |TSDNS         |   |A/AAAA DNS resolve unsuccessful, "tsfivem.com.br" DNS server returned answer with no data
2023-12-29 21:39:14.033304|INFO    |Windows Audio Session|   |Initialized with 2 channels in 32bit, 48kHz. - Alto-falantes (2- Trust GXT 363 headset)
2023-12-29 21:39:14.033304|DEVELOP |Windows Audio Session|   |WAS Buffer size: 1056 - Alto-falantes (2- Trust GXT 363 headset)
2023-12-29 21:39:14.033304|DEBUG   |Windows Audio Session|   |WAS::openDevice-leave - {0.0.0.00000000}.{7e87e3c3-6a33-4554-9090-ea13d38d5d7c}
2023-12-29 21:39:14.033304|DEBUG   |Windows Audio Session|   |WAS::startDevice-enter - {0.0.0.00000000}.{7e87e3c3-6a33-4554-9090-ea13d38d5d7c}
2023-12-29 21:39:14.037304|DEBUG   |Windows Audio Session|   |WAS::startDevice-leave - {0.0.0.00000000}.{7e87e3c3-6a33-4554-9090-ea13d38d5d7c}
2023-12-29 21:39:14.241319|DEVELOP |Windows Audio Session|   |DeviceDeleteList::wait_for_deletes - enter - DeviceDeleteList
2023-12-29 21:39:14.242319|DEVELOP |Windows Audio Session|   |DeviceDeleteList::wait_for_deletes - leave - DeviceDeleteList
2023-12-29 21:39:14.242319|DEBUG   |Windows Audio Session|   |WAS::openDevice-enter - {0.0.1.00000000}.{a5aa918f-2e55-43e8-bb08-d4a519355d71}
2023-12-29 21:39:14.270321|DEVELOP |Windows Audio Session|   |Mix Format: SRate:48000 Bitrate: 32 Channels: 1 - Microphone (SHEM-BOY)
2023-12-29 21:39:14.270321|DEVELOP |Windows Audio Session|   |Initializing with mix format. - Microphone (SHEM-BOY)
2023-12-29 21:39:14.406331|INFO    |Windows Audio Session|   |Initialized with 1 channels in 32bit, 48kHz. - Microphone (SHEM-BOY)
2023-12-29 21:39:14.406331|DEVELOP |Windows Audio Session|   |WAS Buffer size: 1056 - Microphone (SHEM-BOY)
2023-12-29 21:39:14.406331|DEBUG   |Windows Audio Session|   |WAS::openDevice-leave - {0.0.1.00000000}.{a5aa918f-2e55-43e8-bb08-d4a519355d71}
2023-12-29 21:39:14.407332|DEBUG   |Windows Audio Session|   |WAS::startDevice-enter - {0.0.1.00000000}.{a5aa918f-2e55-43e8-bb08-d4a519355d71}
2023-12-29 21:39:14.412333|DEBUG   |Windows Audio Session|   |WAS::startDevice-leave - {0.0.1.00000000}.{a5aa918f-2e55-43e8-bb08-d4a519355d71}
2023-12-29 21:39:14.693514|INFO    |ClientUI      |1  |Connect status: Connecting
2023-12-29 21:39:14.953885|DEVELOP |PktHandler    |1  |Puzzle solve time: 0
2023-12-29 21:39:15.115554|INFO    |TokoVOIP      |141|Can't get current channel : not connected
2023-12-29 21:39:15.116555|INFO    |TokoVOIP      |141|Error getting all clients from the server : not connected
2023-12-29 21:39:15.116555|INFO    |TokoVOIP      |141|Can't get channel of client : not connected
2023-12-29 21:39:15.394579|INFO    |ClientUI      |1  |Connect status: Connected
2023-12-29 21:39:15.413578|INFO    |              |   |Failed to read image C:/Users/Xandynn/AppData/Roaming/TS3Client/cache/remote/1H7yAwDB1A1HM0A0Ni_hd+7kE0FCF0AtNeiXcfPaSgkuW63Fub2pjia_aCKhikXJuyLO5njM9hDNcfrtwyFcJg==
2023-12-29 21:39:15.921528|INFO    |TSDNS         |   |TSDNS queried unsuccessfully 172.67.186.233:41144
2023-12-29 21:39:15.922527|INFO    |TSDNS         |   |No TSDNS found
2023-12-29 21:39:16.447567|DEBUG   |Windows Audio Session|   |[Playback] RenderDeviceContext inner loop lasted > 20 ms 31 - Alto-falantes (2- Trust GXT 363 headset)
2023-12-29 21:39:16.679584|INFO    |ClientUI      |   |LIMSTOPWATCH onEditPlaybackVoiceDataEvent: 34 ms 10
2023-12-29 21:39:16.679584|DEBUG   |Windows Audio Session|   |[Playback] RenderDeviceContext inner loop lasted > 20 ms 34 - Alto-falantes (2- Trust GXT 363 headset)
2023-12-29 21:39:17.543818|INFO    |ClientUI      |1  |Connect status: Establishing connection
2023-12-29 21:39:17.584820|INFO    |ClientUI      |1  |Connect status: Connection established
2023-12-29 21:39:18.876749|INFO    |              |   |Failed to read image C:/Users/Xandynn/AppData/Roaming/TS3Client/cache/remote/1H7yAwDB1A1HM0A0Ni_hd+7kE0FCF0AtNeiXcfPaSgkuW63Fub2pjia_aCKhikXJuyLO5njM9hDNcfrtwyFcJg==
2023-12-29 21:39:18.876749|INFO    |              |   |No image, refusing to display
2023-12-29 21:41:49.052404|INFO    |Gamepad Plugin|   |Cleared device list
2023-12-29 21:41:49.052404|INFO    |Gamepad Plugin|   |Cleared device list
2023-12-29 21:41:49.146411|INFO    |SoundDevManager|   |Windows Audio Session - Device removed{0.0.1.00000000}.{a5aa918f-2e55-43e8-bb08-d4a519355d71}
2023-12-29 21:41:49.146411|DEBUG   |Windows Audio Session|   |WAS::stopDevice-enter - {0.0.1.00000000}.{a5aa918f-2e55-43e8-bb08-d4a519355d71}
2023-12-29 21:41:49.148411|DEBUG   |Windows Audio Session|   |WAS::stopDevice-leave - {0.0.1.00000000}.{a5aa918f-2e55-43e8-bb08-d4a519355d71}
2023-12-29 21:41:49.148411|DEBUG   |Windows Audio Session|   |WAS::closeDevice-enter - {0.0.1.00000000}.{a5aa918f-2e55-43e8-bb08-d4a519355d71}
2023-12-29 21:41:49.148411|DEVELOP |Windows Audio Session|   |DeviceDeleteList::queue_device_delete - enter: Microphone (SHEM-BOY) - DeviceDeleteList
2023-12-29 21:41:49.149413|DEVELOP |Windows Audio Session|   |DeviceDeleteList::queue_device_delete - leave: Microphone (SHEM-BOY) - DeviceDeleteList
2023-12-29 21:41:49.149413|DEVELOP |Windows Audio Session|   |DeviceDeleteList::clear_queue - enter - DeviceDeleteList
2023-12-29 21:41:49.149413|DEBUG   |Windows Audio Session|   |WAS::closeDevice-leave - {0.0.1.00000000}.{a5aa918f-2e55-43e8-bb08-d4a519355d71}
2023-12-29 21:41:49.149413|DEVELOP |Windows Audio Session|   |DeviceDeleteList::wait_for_deletes - enter - DeviceDeleteList
2023-12-29 21:41:49.149413|DEVELOP |Windows Audio Session|   |Waiting for device to close  - DeviceDeleteList
2023-12-29 21:41:49.177414|DEVELOP |Windows Audio Session|   |DeviceDeleteList::wait_for_deletes - leave - DeviceDeleteList
2023-12-29 21:41:49.177414|DEVELOP |Windows Audio Session|   |DeviceDeleteList::clear_queue - leave  - DeviceDeleteList
2023-12-29 21:41:49.212416|INFO    |SoundDevManager|   |Windows Audio Session - DEVICETYPE_CAPTURE - Default device changed: {0.0.1.00000000}.{3b3c5f6a-fb1b-464b-8908-37c9a9749ee5}
2023-12-29 21:41:49.213416|DEVELOP |SoundDevManager|   |Regenerating from having no default device.
2023-12-29 21:41:49.357429|INFO    |SoundDevManager|   |Windows Audio Session - Device removed{0.0.0.00000000}.{ca138024-a3c1-4a8a-99d8-d2b57bd82bb9}
2023-12-29 21:41:49.902384|INFO    |SoundDevManager|   |Direct Sound - Device removed{CA138024-A3C1-4A8A-99D8-D2B57BD82BB9}
2023-12-29 21:41:49.902384|INFO    |SoundDevManager|   |Direct Sound - DEVICETYPE_CAPTURE - Default device changed: {3B3C5F6A-FB1B-464B-8908-37C9A9749EE5}
2023-12-29 21:41:49.902384|INFO    |SoundDevManager|   |Direct Sound - Device removed{A5AA918F-2E55-43E8-BB08-D4A519355D71}
2023-12-29 21:41:49.913385|INFO    |Gamepad Plugin|   |Cleared device list
2023-12-29 21:41:50.089398|INFO    |SoundDevManager|   |Windows Audio Session - Device added: {0.0.1.00000000}.{a5aa918f-2e55-43e8-bb08-d4a519355d71}
2023-12-29 21:41:50.094399|DEBUG   |Windows Audio Session|   |WAS::openDevice-enter - {0.0.1.00000000}.{a5aa918f-2e55-43e8-bb08-d4a519355d71}
2023-12-29 21:41:50.284413|INFO    |Gamepad Plugin|   |Cleared device list
2023-12-29 21:41:50.286413|INFO    |Gamepad Plugin|   |Found device \\?\HID#VID_0A67&PID_0003&MI_03&COL01#8&1EA58C96&0&0000#{4D1E55B2-F16F-11CF-88CB-001111000030}
2023-12-29 21:41:50.300414|DEVELOP |Windows Audio Session|   |Mix Format: SRate:48000 Bitrate: 32 Channels: 1 - Microphone (SHEM-BOY)
2023-12-29 21:41:50.301414|DEVELOP |Windows Audio Session|   |Initializing with mix format. - Microphone (SHEM-BOY)
2023-12-29 21:41:50.417427|INFO    |Windows Audio Session|   |Initialized with 1 channels in 32bit, 48kHz. - Microphone (SHEM-BOY)
2023-12-29 21:41:50.417427|DEVELOP |Windows Audio Session|   |WAS Buffer size: 1056 - Microphone (SHEM-BOY)
2023-12-29 21:41:50.418423|DEBUG   |Windows Audio Session|   |WAS::openDevice-leave - {0.0.1.00000000}.{a5aa918f-2e55-43e8-bb08-d4a519355d71}
2023-12-29 21:41:50.418423|DEBUG   |Windows Audio Session|   |WAS::startDevice-enter - {0.0.1.00000000}.{a5aa918f-2e55-43e8-bb08-d4a519355d71}
2023-12-29 21:41:50.425425|DEBUG   |Windows Audio Session|   |WAS::startDevice-leave - {0.0.1.00000000}.{a5aa918f-2e55-43e8-bb08-d4a519355d71}
2023-12-29 21:41:50.425425|DEBUG   |Windows Audio Session|   |WAS::associateAECDevice-enter - {0.0.1.00000000}.{a5aa918f-2e55-43e8-bb08-d4a519355d71}
2023-12-29 21:41:50.425425|DEBUG   |Windows Audio Session|   |WAS::associateAECDevice-leave - {0.0.1.00000000}.{a5aa918f-2e55-43e8-bb08-d4a519355d71}
2023-12-29 21:41:50.425425|INFO    |SoundDevManager|   |Windows Audio Session - DEVICETYPE_CAPTURE - Default device changed: {0.0.1.00000000}.{a5aa918f-2e55-43e8-bb08-d4a519355d71}
2023-12-29 21:41:50.425425|DEBUG   |Windows Audio Session|   |WAS::stopDevice-enter - {0.0.1.00000000}.{a5aa918f-2e55-43e8-bb08-d4a519355d71}
2023-12-29 21:41:50.425425|DEBUG   |Windows Audio Session|   |WAS::stopDevice-leave - {0.0.1.00000000}.{a5aa918f-2e55-43e8-bb08-d4a519355d71}
2023-12-29 21:41:50.425425|DEBUG   |Windows Audio Session|   |WAS::closeDevice-enter - {0.0.1.00000000}.{a5aa918f-2e55-43e8-bb08-d4a519355d71}
2023-12-29 21:41:50.425425|DEVELOP |Windows Audio Session|   |DeviceDeleteList::queue_device_delete - enter: Microphone (SHEM-BOY) - DeviceDeleteList
2023-12-29 21:41:50.425425|DEVELOP |Windows Audio Session|   |DeviceDeleteList::queue_device_delete - leave: Microphone (SHEM-BOY) - DeviceDeleteList
2023-12-29 21:41:50.425425|DEVELOP |Windows Audio Session|   |DeviceDeleteList::clear_queue - enter - DeviceDeleteList
2023-12-29 21:41:50.425425|DEBUG   |Windows Audio Session|   |WAS::closeDevice-leave - {0.0.1.00000000}.{a5aa918f-2e55-43e8-bb08-d4a519355d71}
2023-12-29 21:41:50.426425|DEVELOP |Windows Audio Session|   |DeviceDeleteList::wait_for_deletes - enter - DeviceDeleteList
2023-12-29 21:41:50.426425|DEVELOP |Windows Audio Session|   |Waiting for device to close  - DeviceDeleteList
2023-12-29 21:41:50.539431|DEVELOP |Windows Audio Session|   |DeviceDeleteList::clear_queue - leave  - DeviceDeleteList
2023-12-29 21:41:50.539431|DEVELOP |Windows Audio Session|   |DeviceDeleteList::wait_for_deletes - leave - DeviceDeleteList
2023-12-29 21:41:50.539431|DEBUG   |Windows Audio Session|   |WAS::openDevice-enter - {0.0.1.00000000}.{a5aa918f-2e55-43e8-bb08-d4a519355d71}
2023-12-29 21:41:50.540431|DEVELOP |Windows Audio Session|   |Mix Format: SRate:48000 Bitrate: 32 Channels: 1 - Microphone (SHEM-BOY)
2023-12-29 21:41:50.541430|DEVELOP |Windows Audio Session|   |Initializing with mix format. - Microphone (SHEM-BOY)
2023-12-29 21:41:50.657442|INFO    |Windows Audio Session|   |Initialized with 1 channels in 32bit, 48kHz. - Microphone (SHEM-BOY)
2023-12-29 21:41:50.657442|DEVELOP |Windows Audio Session|   |WAS Buffer size: 1056 - Microphone (SHEM-BOY)
2023-12-29 21:41:50.657442|DEBUG   |Windows Audio Session|   |WAS::openDevice-leave - {0.0.1.00000000}.{a5aa918f-2e55-43e8-bb08-d4a519355d71}
2023-12-29 21:41:50.658442|DEBUG   |Windows Audio Session|   |WAS::startDevice-enter - {0.0.1.00000000}.{a5aa918f-2e55-43e8-bb08-d4a519355d71}
2023-12-29 21:41:50.665442|DEBUG   |Windows Audio Session|   |WAS::startDevice-leave - {0.0.1.00000000}.{a5aa918f-2e55-43e8-bb08-d4a519355d71}
2023-12-29 21:41:50.665442|INFO    |SoundDevManager|   |Windows Audio Session - Device added: {0.0.0.00000000}.{ca138024-a3c1-4a8a-99d8-d2b57bd82bb9}
2023-12-29 21:41:51.977541|INFO    |SoundDevManager|   |Direct Sound - Device added: {CA138024-A3C1-4A8A-99D8-D2B57BD82BB9}
2023-12-29 21:41:51.977541|INFO    |SoundDevManager|   |Direct Sound - Device added: {A5AA918F-2E55-43E8-BB08-D4A519355D71}
2023-12-29 21:41:51.977541|INFO    |SoundDevManager|   |Direct Sound - DEVICETYPE_CAPTURE - Default device changed: {A5AA918F-2E55-43E8-BB08-D4A519355D71}
2023-12-29 21:41:52.128552|INFO    |Gamepad Plugin|   |Cleared device list
2023-12-29 21:41:52.131551|INFO    |Gamepad Plugin|   |Found device \\?\HID#VID_0A67&PID_0003&MI_03&COL01#8&1EA58C96&0&0000#{4D1E55B2-F16F-11CF-88CB-001111000030}
2023-12-29 21:41:52.137554|INFO    |Gamepad Plugin|   |Cleared device list
2023-12-29 21:41:52.138554|INFO    |Gamepad Plugin|   |Found device \\?\HID#VID_0A67&PID_0003&MI_03&COL01#8&1EA58C96&0&0000#{4D1E55B2-F16F-11CF-88CB-001111000030}
2023-12-29 21:45:21.942082|INFO    |              |   |tried to request user integration info without valid session
2023-12-29 21:45:22.677573|INFO    |SoundDevManager|   |Windows Audio Session - Device removed{0.0.1.00000000}.{a5aa918f-2e55-43e8-bb08-d4a519355d71}
2023-12-29 21:45:22.677573|DEBUG   |Windows Audio Session|   |WAS::stopDevice-enter - {0.0.1.00000000}.{a5aa918f-2e55-43e8-bb08-d4a519355d71}
2023-12-29 21:45:22.677573|DEBUG   |Windows Audio Session|   |WAS::stopDevice-leave - {0.0.1.00000000}.{a5aa918f-2e55-43e8-bb08-d4a519355d71}
2023-12-29 21:45:22.677573|DEBUG   |Windows Audio Session|   |WAS::closeDevice-enter - {0.0.1.00000000}.{a5aa918f-2e55-43e8-bb08-d4a519355d71}
2023-12-29 21:45:22.677573|DEVELOP |Windows Audio Session|   |DeviceDeleteList::queue_device_delete - enter: Microphone (SHEM-BOY) - DeviceDeleteList
2023-12-29 21:45:22.677573|DEVELOP |Windows Audio Session|   |DeviceDeleteList::queue_device_delete - leave: Microphone (SHEM-BOY) - DeviceDeleteList
2023-12-29 21:45:22.677573|DEVELOP |Windows Audio Session|   |DeviceDeleteList::clear_queue - enter - DeviceDeleteList
2023-12-29 21:45:22.677573|DEBUG   |Windows Audio Session|   |WAS::closeDevice-leave - {0.0.1.00000000}.{a5aa918f-2e55-43e8-bb08-d4a519355d71}
2023-12-29 21:45:22.677573|DEVELOP |Windows Audio Session|   |DeviceDeleteList::wait_for_deletes - enter - DeviceDeleteList
2023-12-29 21:45:22.677573|DEVELOP |Windows Audio Session|   |Waiting for device to close  - DeviceDeleteList
2023-12-29 21:45:22.694571|DEVELOP |Windows Audio Session|   |DeviceDeleteList::clear_queue - leave  - DeviceDeleteList
2023-12-29 21:45:22.694571|DEVELOP |Windows Audio Session|   |DeviceDeleteList::wait_for_deletes - leave - DeviceDeleteList
2023-12-29 21:45:22.694571|INFO    |SoundDevManager|   |Windows Audio Session - DEVICETYPE_CAPTURE - Default device changed: {0.0.1.00000000}.{3b3c5f6a-fb1b-464b-8908-37c9a9749ee5}
2023-12-29 21:45:22.694571|DEVELOP |SoundDevManager|   |Regenerating from having no default device.
2023-12-29 21:45:22.819579|INFO    |SoundDevManager|   |Windows Audio Session - Device removed{0.0.0.00000000}.{ca138024-a3c1-4a8a-99d8-d2b57bd82bb9}
2023-12-29 21:45:23.532634|INFO    |SoundDevManager|   |Windows Audio Session - Device added: {0.0.1.00000000}.{a5aa918f-2e55-43e8-bb08-d4a519355d71}
2023-12-29 21:45:23.541636|DEBUG   |Windows Audio Session|   |WAS::openDevice-enter - {0.0.1.00000000}.{a5aa918f-2e55-43e8-bb08-d4a519355d71}
2023-12-29 21:45:23.711647|DEVELOP |Windows Audio Session|   |Mix Format: SRate:48000 Bitrate: 32 Channels: 1 - Microphone (SHEM-BOY)
2023-12-29 21:45:23.711647|DEVELOP |Windows Audio Session|   |Initializing with mix format. - Microphone (SHEM-BOY)
2023-12-29 21:45:23.834653|INFO    |Windows Audio Session|   |Initialized with 1 channels in 32bit, 48kHz. - Microphone (SHEM-BOY)
2023-12-29 21:45:23.835656|DEVELOP |Windows Audio Session|   |WAS Buffer size: 1056 - Microphone (SHEM-BOY)
2023-12-29 21:45:23.835656|DEBUG   |Windows Audio Session|   |WAS::openDevice-leave - {0.0.1.00000000}.{a5aa918f-2e55-43e8-bb08-d4a519355d71}
2023-12-29 21:45:23.835656|DEBUG   |Windows Audio Session|   |WAS::startDevice-enter - {0.0.1.00000000}.{a5aa918f-2e55-43e8-bb08-d4a519355d71}
2023-12-29 21:45:23.842656|DEBUG   |Windows Audio Session|   |WAS::startDevice-leave - {0.0.1.00000000}.{a5aa918f-2e55-43e8-bb08-d4a519355d71}
2023-12-29 21:45:23.842656|INFO    |SoundDevManager|   |Windows Audio Session - DEVICETYPE_CAPTURE - Default device changed: {0.0.1.00000000}.{a5aa918f-2e55-43e8-bb08-d4a519355d71}
2023-12-29 21:45:23.842656|DEBUG   |Windows Audio Session|   |WAS::stopDevice-enter - {0.0.1.00000000}.{a5aa918f-2e55-43e8-bb08-d4a519355d71}
2023-12-29 21:45:23.842656|DEBUG   |Windows Audio Session|   |WAS::stopDevice-leave - {0.0.1.00000000}.{a5aa918f-2e55-43e8-bb08-d4a519355d71}
2023-12-29 21:45:23.842656|DEBUG   |Windows Audio Session|   |WAS::closeDevice-enter - {0.0.1.00000000}.{a5aa918f-2e55-43e8-bb08-d4a519355d71}
2023-12-29 21:45:23.842656|DEVELOP |Windows Audio Session|   |DeviceDeleteList::queue_device_delete - enter: Microphone (SHEM-BOY) - DeviceDeleteList
2023-12-29 21:45:23.842656|DEVELOP |Windows Audio Session|   |DeviceDeleteList::queue_device_delete - leave: Microphone (SHEM-BOY) - DeviceDeleteList
2023-12-29 21:45:23.842656|DEVELOP |Windows Audio Session|   |DeviceDeleteList::clear_queue - enter - DeviceDeleteList
2023-12-29 21:45:23.842656|DEBUG   |Windows Audio Session|   |WAS::closeDevice-leave - {0.0.1.00000000}.{a5aa918f-2e55-43e8-bb08-d4a519355d71}
2023-12-29 21:45:23.842656|DEVELOP |Windows Audio Session|   |DeviceDeleteList::wait_for_deletes - enter - DeviceDeleteList
2023-12-29 21:45:23.842656|DEVELOP |Windows Audio Session|   |Waiting for device to close  - DeviceDeleteList
2023-12-29 21:45:23.957664|DEVELOP |Windows Audio Session|   |DeviceDeleteList::clear_queue - leave  - DeviceDeleteList
2023-12-29 21:45:23.957664|DEVELOP |Windows Audio Session|   |DeviceDeleteList::wait_for_deletes - leave - DeviceDeleteList
2023-12-29 21:45:23.957664|DEBUG   |Windows Audio Session|   |WAS::openDevice-enter - {0.0.1.00000000}.{a5aa918f-2e55-43e8-bb08-d4a519355d71}
2023-12-29 21:45:23.958663|DEVELOP |Windows Audio Session|   |Mix Format: SRate:48000 Bitrate: 32 Channels: 1 - Microphone (SHEM-BOY)
2023-12-29 21:45:23.958663|DEVELOP |Windows Audio Session|   |Initializing with mix format. - Microphone (SHEM-BOY)
2023-12-29 21:45:24.071673|INFO    |Windows Audio Session|   |Initialized with 1 channels in 32bit, 48kHz. - Microphone (SHEM-BOY)
2023-12-29 21:45:24.071673|DEVELOP |Windows Audio Session|   |WAS Buffer size: 1056 - Microphone (SHEM-BOY)
2023-12-29 21:45:24.071673|DEBUG   |Windows Audio Session|   |WAS::openDevice-leave - {0.0.1.00000000}.{a5aa918f-2e55-43e8-bb08-d4a519355d71}
2023-12-29 21:45:24.071673|DEBUG   |Windows Audio Session|   |WAS::startDevice-enter - {0.0.1.00000000}.{a5aa918f-2e55-43e8-bb08-d4a519355d71}
2023-12-29 21:45:24.078673|DEBUG   |Windows Audio Session|   |WAS::startDevice-leave - {0.0.1.00000000}.{a5aa918f-2e55-43e8-bb08-d4a519355d71}
2023-12-29 21:45:24.078673|INFO    |SoundDevManager|   |Windows Audio Session - Device added: {0.0.0.00000000}.{ca138024-a3c1-4a8a-99d8-d2b57bd82bb9}
2023-12-29 21:45:25.532343|INFO    |Gamepad Plugin|   |Cleared device list
2023-12-29 21:45:25.533343|INFO    |Gamepad Plugin|   |Found device \\?\HID#VID_0A67&PID_0003&MI_03&COL01#8&1EA58C96&0&0000#{4D1E55B2-F16F-11CF-88CB-001111000030}
2023-12-29 21:45:25.544341|INFO    |Gamepad Plugin|   |Cleared device list
2023-12-29 21:45:25.547342|INFO    |Gamepad Plugin|   |Found device \\?\HID#VID_0A67&PID_0003&MI_03&COL01#8&1EA58C96&0&0000#{4D1E55B2-F16F-11CF-88CB-001111000030}
2023-12-29 21:45:25.592344|INFO    |Gamepad Plugin|   |Cleared device list
2023-12-29 21:45:25.594346|INFO    |Gamepad Plugin|   |Found device \\?\HID#VID_0A67&PID_0003&MI_03&COL01#8&1EA58C96&0&0000#{4D1E55B2-F16F-11CF-88CB-001111000030}
2023-12-29 21:45:25.619346|INFO    |Gamepad Plugin|   |Cleared device list
2023-12-29 21:45:25.621348|INFO    |Gamepad Plugin|   |Found device \\?\HID#VID_0A67&PID_0003&MI_03&COL01#8&1EA58C96&0&0000#{4D1E55B2-F16F-11CF-88CB-001111000030}
2023-12-29 21:45:35.179782|DEBUG   |Windows Audio Session|   |WAS::stopDevice-enter - {0.0.1.00000000}.{a5aa918f-2e55-43e8-bb08-d4a519355d71}
2023-12-29 21:45:35.180781|DEBUG   |Windows Audio Session|   |WAS::stopDevice-leave - {0.0.1.00000000}.{a5aa918f-2e55-43e8-bb08-d4a519355d71}
2023-12-29 21:45:35.180781|DEBUG   |Windows Audio Session|   |WAS::closeDevice-enter - {0.0.1.00000000}.{a5aa918f-2e55-43e8-bb08-d4a519355d71}
2023-12-29 21:45:35.180781|DEVELOP |Windows Audio Session|   |DeviceDeleteList::queue_device_delete - enter: Microphone (SHEM-BOY) - DeviceDeleteList
2023-12-29 21:45:35.180781|DEVELOP |Windows Audio Session|   |DeviceDeleteList::queue_device_delete - leave: Microphone (SHEM-BOY) - DeviceDeleteList
2023-12-29 21:45:35.180781|DEVELOP |Windows Audio Session|   |DeviceDeleteList::clear_queue - enter - DeviceDeleteList
2023-12-29 21:45:35.180781|DEBUG   |Windows Audio Session|   |WAS::closeDevice-leave - {0.0.1.00000000}.{a5aa918f-2e55-43e8-bb08-d4a519355d71}
2023-12-29 21:45:35.180781|DEVELOP |Windows Audio Session|   |DeviceDeleteList::wait_for_deletes - enter - DeviceDeleteList
2023-12-29 21:45:35.180781|DEVELOP |Windows Audio Session|   |Waiting for device to close  - DeviceDeleteList
2023-12-29 21:45:35.183782|DEVELOP |Windows Audio Session|   |DeviceDeleteList::clear_queue - leave  - DeviceDeleteList
2023-12-29 21:45:35.184783|DEVELOP |Windows Audio Session|   |DeviceDeleteList::wait_for_deletes - leave - DeviceDeleteList
2023-12-29 21:45:35.184783|DEBUG   |Windows Audio Session|   |WAS::openDevice-enter - {0.0.1.00000000}.{a5aa918f-2e55-43e8-bb08-d4a519355d71}
2023-12-29 21:45:35.186782|DEVELOP |Windows Audio Session|   |Mix Format: SRate:48000 Bitrate: 32 Channels: 1 - Microphone (SHEM-BOY)
2023-12-29 21:45:35.186782|DEVELOP |Windows Audio Session|   |Initializing with mix format. - Microphone (SHEM-BOY)
2023-12-29 21:45:35.303792|INFO    |Windows Audio Session|   |Initialized with 1 channels in 32bit, 48kHz. - Microphone (SHEM-BOY)
2023-12-29 21:45:35.303792|DEVELOP |Windows Audio Session|   |WAS Buffer size: 1056 - Microphone (SHEM-BOY)
2023-12-29 21:45:35.303792|DEBUG   |Windows Audio Session|   |WAS::openDevice-leave - {0.0.1.00000000}.{a5aa918f-2e55-43e8-bb08-d4a519355d71}
2023-12-29 21:45:35.303792|DEBUG   |Windows Audio Session|   |WAS::startDevice-enter - {0.0.1.00000000}.{a5aa918f-2e55-43e8-bb08-d4a519355d71}
2023-12-29 21:45:35.309791|DEBUG   |Windows Audio Session|   |WAS::startDevice-leave - {0.0.1.00000000}.{a5aa918f-2e55-43e8-bb08-d4a519355d71}
2023-12-29 21:45:51.599422|INFO    |ClientUI      |1  |Connect status: Disconnected
2023-12-29 21:45:51.613426|INFO    |ClientUI      |1  |Disconnected or forced to leave, want autoreconnect = 0
2023-12-29 21:45:52.577004|DEBUG   |Windows Audio Session|   |WAS::associateAECDevice-enter - {0.0.1.00000000}.{a5aa918f-2e55-43e8-bb08-d4a519355d71}
2023-12-29 21:45:52.577004|DEBUG   |Windows Audio Session|   |WAS::associateAECDevice-leave - {0.0.1.00000000}.{a5aa918f-2e55-43e8-bb08-d4a519355d71}
2023-12-29 21:45:52.577004|DEBUG   |Windows Audio Session|   |WAS::stopDevice-enter - {0.0.0.00000000}.{7e87e3c3-6a33-4554-9090-ea13d38d5d7c}
2023-12-29 21:45:52.577004|DEBUG   |Windows Audio Session|   |WAS::stopDevice-leave - {0.0.0.00000000}.{7e87e3c3-6a33-4554-9090-ea13d38d5d7c}
2023-12-29 21:45:52.578005|DEBUG   |Windows Audio Session|   |WAS::closeDevice-enter - {0.0.0.00000000}.{7e87e3c3-6a33-4554-9090-ea13d38d5d7c}
2023-12-29 21:45:52.578005|DEVELOP |Windows Audio Session|   |DeviceDeleteList::queue_device_delete - enter: Alto-falantes (2- Trust GXT 363 headset) - DeviceDeleteList
2023-12-29 21:45:52.578005|DEVELOP |Windows Audio Session|   |DeviceDeleteList::queue_device_delete - leave: Alto-falantes (2- Trust GXT 363 headset) - DeviceDeleteList
2023-12-29 21:45:52.578005|DEVELOP |Windows Audio Session|   |DeviceDeleteList::clear_queue - enter - DeviceDeleteList
2023-12-29 21:45:52.578005|DEBUG   |Windows Audio Session|   |WAS::closeDevice-leave - {0.0.0.00000000}.{7e87e3c3-6a33-4554-9090-ea13d38d5d7c}
2023-12-29 21:45:52.578005|DEVELOP |Windows Audio Session|   |DeviceDeleteList::wait_for_deletes - enter - DeviceDeleteList
2023-12-29 21:45:52.578005|DEVELOP |Windows Audio Session|   |Waiting for device to close  - DeviceDeleteList
2023-12-29 21:45:52.582004|DEVELOP |Windows Audio Session|   |DeviceDeleteList::wait_for_deletes - leave - DeviceDeleteList
2023-12-29 21:45:52.582004|DEVELOP |Windows Audio Session|   |DeviceDeleteList::clear_queue - leave  - DeviceDeleteList
2023-12-29 21:45:53.363465|DEBUG   |Windows Audio Session|   |WAS::stopDevice-enter - {0.0.1.00000000}.{a5aa918f-2e55-43e8-bb08-d4a519355d71}
2023-12-29 21:45:53.363465|DEBUG   |Windows Audio Session|   |WAS::stopDevice-leave - {0.0.1.00000000}.{a5aa918f-2e55-43e8-bb08-d4a519355d71}
2023-12-29 21:45:53.363465|DEBUG   |Windows Audio Session|   |WAS::closeDevice-enter - {0.0.1.00000000}.{a5aa918f-2e55-43e8-bb08-d4a519355d71}
2023-12-29 21:45:53.363465|DEVELOP |Windows Audio Session|   |DeviceDeleteList::queue_device_delete - enter: Microphone (SHEM-BOY) - DeviceDeleteList
2023-12-29 21:45:53.363465|DEVELOP |Windows Audio Session|   |DeviceDeleteList::queue_device_delete - leave: Microphone (SHEM-BOY) - DeviceDeleteList
2023-12-29 21:45:53.363465|DEBUG   |Windows Audio Session|   |WAS::closeDevice-leave - {0.0.1.00000000}.{a5aa918f-2e55-43e8-bb08-d4a519355d71}
2023-12-29 21:45:53.363465|DEVELOP |Windows Audio Session|   |DeviceDeleteList::clear_queue - enter - DeviceDeleteList
2023-12-29 21:45:53.364466|DEVELOP |Windows Audio Session|   |DeviceDeleteList::wait_for_deletes - enter - DeviceDeleteList
2023-12-29 21:45:53.364466|DEVELOP |Windows Audio Session|   |Waiting for device to close  - DeviceDeleteList
2023-12-29 21:45:53.374465|DEVELOP |Windows Audio Session|   |DeviceDeleteList::wait_for_deletes - leave - DeviceDeleteList
2023-12-29 21:45:53.374465|DEVELOP |Windows Audio Session|   |DeviceDeleteList::clear_queue - leave  - DeviceDeleteList
2023-12-29 21:45:53.374465|DEVELOP |Windows Audio Session|   |DeviceDeleteList::wait_for_deletes - enter - DeviceDeleteList
2023-12-29 21:45:53.374465|DEVELOP |Windows Audio Session|   |DeviceDeleteList::wait_for_deletes - leave - DeviceDeleteList
